[debug] [2017-09-11T08:14:06.216Z] ----------------------------------------------------------------------
[debug] [2017-09-11T08:14:06.220Z] Command:       /usr/local/bin/node /usr/local/bin/firebase deploy
[debug] [2017-09-11T08:14:06.221Z] CLI Version:   3.10.0
[debug] [2017-09-11T08:14:06.221Z] Platform:      darwin
[debug] [2017-09-11T08:14:06.221Z] Node Version:  v6.10.3
[debug] [2017-09-11T08:14:06.222Z] Time:          Mon Sep 11 2017 15:14:06 GMT+0700 (WIB)
[debug] [2017-09-11T08:14:06.222Z] ----------------------------------------------------------------------
[debug] 
[debug] [2017-09-11T08:14:06.238Z] > command requires scopes: ["email","openid","https://www.googleapis.com/auth/cloudplatformprojects.readonly","https://www.googleapis.com/auth/firebase","https://www.googleapis.com/auth/cloud-platform"]
[debug] [2017-09-11T08:14:06.238Z] > authorizing via signed-in user
[debug] [2017-09-11T08:14:06.241Z] > refreshing access token with scopes: ["email","https://www.googleapis.com/auth/cloud-platform","https://www.googleapis.com/auth/cloudplatformprojects.readonly","https://www.googleapis.com/auth/firebase","openid"]
[debug] [2017-09-11T08:14:06.242Z] >>> HTTP REQUEST POST https://www.googleapis.com/oauth2/v3/token { refresh_token: '1/XWor2Ay2iwqDuCEa0eWfxx8UF8dGDXQBEz3FgzLX3ms',
  client_id: '563584335869-fgrhgmd47bqnekij5i8b5pr03ho849e6.apps.googleusercontent.com',
  client_secret: 'j9iVZfS8kkCEFUPaAeJV0sAi',
  grant_type: 'refresh_token',
  scope: 'email https://www.googleapis.com/auth/cloud-platform https://www.googleapis.com/auth/cloudplatformprojects.readonly https://www.googleapis.com/auth/firebase openid' } 
 Mon Sep 11 2017 15:14:06 GMT+0700 (WIB)
[debug] [2017-09-11T08:14:06.412Z] <<< HTTP RESPONSE 200
[debug] [2017-09-11T08:14:06.416Z] >>> HTTP REQUEST GET https://admin.firebase.com/v1/projects/kanbanjx  
 Mon Sep 11 2017 15:14:06 GMT+0700 (WIB)
[debug] [2017-09-11T08:14:07.448Z] <<< HTTP RESPONSE 200
[debug] [2017-09-11T08:14:07.450Z] >>> HTTP REQUEST GET https://admin.firebase.com/v1/database/kanbanjx/tokens  
 Mon Sep 11 2017 15:14:07 GMT+0700 (WIB)
[debug] [2017-09-11T08:14:08.360Z] <<< HTTP RESPONSE 200
[info] 
[info] === Deploying to 'kanbanjx'...
[info] 
[info] i  deploying hosting
[info] i  hosting: preparing ./dist directory for upload...
[debug] [2017-09-11T08:14:10.790Z] >>> HTTP REQUEST PUT https://deploy.firebase.com/v1/hosting/kanbanjx/uploads/-KtjysAXHtR2OOcDwGrD?fileCount=9&message=  
 Mon Sep 11 2017 15:14:10 GMT+0700 (WIB)
[debug] [2017-09-11T08:14:18.967Z] <<< HTTP RESPONSE 200
[debug] [2017-09-11T08:14:18.967Z] [hosting] .tgz uploaded successfully, waiting for extraction
[info] ✔  hosting: 9 files uploaded successfully
[info] i  starting release process (may take several minutes)...
[debug] [2017-09-11T08:14:57.167Z] >>> HTTP REQUEST POST https://deploy.firebase.com/v1/projects/kanbanjx/releases { hosting: 
   { public: './dist',
     rewrites: [ [Object] ],
     version: '-KtjysAXHtR2OOcDwGrD',
     prefix: '-KtjysAXHtR2OOcDwGrD/',
     manifest: [] } } 
 Mon Sep 11 2017 15:14:57 GMT+0700 (WIB)
[debug] [2017-09-11T08:14:58.795Z] <<< HTTP RESPONSE 200
[info] 
[info] ✔  Deploy complete!
[info] 
[info] Project Console: https://console.firebase.google.com/project/kanbanjx/overview
[info] Hosting URL: https://kanbanjx.firebaseapp.com
